2025-03-24T16:47:05.910+05:30  INFO 5928 --- [AddressBookProject] [main] a.A.AddressBookProjectApplication        : Starting AddressBookProjectApplication using Java 23.0.2 with PID 5928 (C:\Users\sriar\OneDrive\Desktop\AddressBookProject\target\classes started by sriar in C:\Users\sriar\OneDrive\Desktop\AddressBookProject)
2025-03-24T16:47:05.916+05:30  INFO 5928 --- [AddressBookProject] [main] a.A.AddressBookProjectApplication        : The following 1 profile is active: "prod"
2025-03-24T16:47:14.152+05:30  WARN 5928 --- [AddressBookProject] [main] org.hibernate.orm.deprecation            : HHH90000025: MySQL8Dialect does not need to be specified explicitly using 'hibernate.dialect' (remove the property setting and it will be selected by default)
2025-03-24T16:47:14.159+05:30  WARN 5928 --- [AddressBookProject] [main] org.hibernate.orm.deprecation            : HHH90000026: MySQL8Dialect has been deprecated; use org.hibernate.dialect.MySQLDialect instead
2025-03-24T16:47:18.777+05:30  WARN 5928 --- [AddressBookProject] [main] ConfigServletWebServerApplicationContext : Exception encountered during context initialization - cancelling refresh attempt: org.springframework.beans.factory.UnsatisfiedDependencyException: Error creating bean with name 'securityFilterChain' defined in class path resource [addressBook/AddressBookProject/config/SecurityConfig.class]: Unsatisfied dependency expressed through method 'securityFilterChain' parameter 0: No qualifying bean of type 'org.springframework.security.config.annotation.web.builders.HttpSecurity' available: expected at least 1 bean which qualifies as autowire candidate. Dependency annotations: {}
2025-03-24T16:47:18.949+05:30 ERROR 5928 --- [AddressBookProject] [main] o.s.b.d.LoggingFailureAnalysisReporter   : 

***************************
APPLICATION FAILED TO START
***************************

Description:

Parameter 0 of method securityFilterChain in addressBook.AddressBookProject.config.SecurityConfig required a bean of type 'org.springframework.security.config.annotation.web.builders.HttpSecurity' that could not be found.


Action:

Consider defining a bean of type 'org.springframework.security.config.annotation.web.builders.HttpSecurity' in your configuration.

2025-03-24T17:02:44.277+05:30  INFO 16712 --- [AddressBookProject] [main] a.A.AddressBookProjectApplication        : Starting AddressBookProjectApplication using Java 23.0.2 with PID 16712 (C:\Users\sriar\OneDrive\Desktop\AddressBookProject\target\classes started by sriar in C:\Users\sriar\OneDrive\Desktop\AddressBookProject)
2025-03-24T17:02:44.284+05:30  INFO 16712 --- [AddressBookProject] [main] a.A.AddressBookProjectApplication        : The following 1 profile is active: "prod"
2025-03-24T17:02:53.736+05:30  WARN 16712 --- [AddressBookProject] [main] org.hibernate.orm.deprecation            : HHH90000025: MySQL8Dialect does not need to be specified explicitly using 'hibernate.dialect' (remove the property setting and it will be selected by default)
2025-03-24T17:02:53.747+05:30  WARN 16712 --- [AddressBookProject] [main] org.hibernate.orm.deprecation            : HHH90000026: MySQL8Dialect has been deprecated; use org.hibernate.dialect.MySQLDialect instead
2025-03-24T17:02:59.082+05:30  WARN 16712 --- [AddressBookProject] [main] JpaBaseConfiguration$JpaWebConfiguration : spring.jpa.open-in-view is enabled by default. Therefore, database queries may be performed during view rendering. Explicitly configure spring.jpa.open-in-view to disable this warning
2025-03-24T17:03:01.647+05:30  INFO 16712 --- [AddressBookProject] [main] a.A.AddressBookProjectApplication        : Started AddressBookProjectApplication in 18.928 seconds (process running for 20.29)
2025-03-24T17:03:01.657+05:30  INFO 16712 --- [AddressBookProject] [main] a.A.AddressBookProjectApplication        : Address Book App Started in prod environment
2025-03-24T17:07:44.622+05:30  WARN 16712 --- [AddressBookProject] [http-nio-8080-exec-2] .w.s.m.s.DefaultHandlerExceptionResolver : Resolved [org.springframework.web.bind.MethodArgumentNotValidException: Validation failed for argument [0] in public org.springframework.http.ResponseEntity<addressBook.AddressBookProject.DTO.ResponseDTO> addressBook.AddressBookProject.controller.AuthUserController.register(addressBook.AddressBookProject.DTO.AuthUserDTO) throws java.lang.Exception: [Field error in object 'authUserDTO' on field 'password': rejected value [12345]; codes [Pattern.authUserDTO.password,Pattern.password,Pattern.java.lang.String,Pattern]; arguments [org.springframework.context.support.DefaultMessageSourceResolvable: codes [authUserDTO.password,password]; arguments []; default message [password],[Ljakarta.validation.constraints.Pattern$Flag;@62cbedf3,^(?=.*[A-Z])(?=.*[a-z])(?=.*\d)(?=.*[@$!%*?&])[A-Za-z\d@$!%*?&]{8,}$]; default message [Password must be at least 8 characters long, contain an uppercase letter, a lowercase letter, a number, and a special character]] ]
2025-03-24T17:07:45.068+05:30  WARN 16712 --- [AddressBookProject] [http-nio-8080-exec-2] o.a.c.util.SessionIdGeneratorBase        : Creation of SecureRandom instance for session ID generation using [SHA1PRNG] took [301] milliseconds.
2025-03-24T17:09:10.421+05:30  WARN 16712 --- [AddressBookProject] [http-nio-8080-exec-6] .w.s.m.s.DefaultHandlerExceptionResolver : Resolved [org.springframework.web.bind.MethodArgumentNotValidException: Validation failed for argument [0] in public org.springframework.http.ResponseEntity<addressBook.AddressBookProject.DTO.ResponseDTO> addressBook.AddressBookProject.controller.AuthUserController.register(addressBook.AddressBookProject.DTO.AuthUserDTO) throws java.lang.Exception: [Field error in object 'authUserDTO' on field 'password': rejected value [12345]; codes [Pattern.authUserDTO.password,Pattern.password,Pattern.java.lang.String,Pattern]; arguments [org.springframework.context.support.DefaultMessageSourceResolvable: codes [authUserDTO.password,password]; arguments []; default message [password],[Ljakarta.validation.constraints.Pattern$Flag;@62cbedf3,^(?=.*[A-Z])(?=.*[a-z])(?=.*\d)(?=.*[@$!%*?&])[A-Za-z\d@$!%*?&]{8,}$]; default message [Password must be at least 8 characters long, contain an uppercase letter, a lowercase letter, a number, and a special character]] ]
2025-03-24T17:12:40.000+05:30  INFO 16712 --- [AddressBookProject] [http-nio-8080-exec-8] a.A.Service.AuthenticationService        : Registering new user: sri.archit007@gmail.com
2025-03-24T17:12:40.613+05:30 DEBUG 16712 --- [AddressBookProject] [http-nio-8080-exec-8] org.hibernate.SQL                        : SELECT * FROM USER WHERE EMAIL = ?
2025-03-24T17:12:41.568+05:30 DEBUG 16712 --- [AddressBookProject] [http-nio-8080-exec-8] org.hibernate.SQL                        : select next_val as id_val from user_seq for update
2025-03-24T17:12:41.626+05:30 DEBUG 16712 --- [AddressBookProject] [http-nio-8080-exec-8] org.hibernate.SQL                        : update user_seq set next_val= ? where next_val=?
2025-03-24T17:12:41.797+05:30 DEBUG 16712 --- [AddressBookProject] [http-nio-8080-exec-8] org.hibernate.SQL                        : insert into user (email,first_name,last_name,password,reset_token,user_id) values (?,?,?,?,?,?)
2025-03-24T17:12:47.487+05:30  INFO 16712 --- [AddressBookProject] [http-nio-8080-exec-8] a.A.Service.AuthenticationService        : User sri.archit007@gmail.com registered successfully.
2025-03-24T17:13:43.361+05:30  INFO 16712 --- [AddressBookProject] [http-nio-8080-exec-10] a.A.Service.AuthenticationService        : Login attempt for email: sri.archit007@gmail.com
2025-03-24T17:13:43.365+05:30 DEBUG 16712 --- [AddressBookProject] [http-nio-8080-exec-10] org.hibernate.SQL                        : SELECT * FROM USER WHERE EMAIL = ?
2025-03-24T17:13:43.559+05:30  INFO 16712 --- [AddressBookProject] [http-nio-8080-exec-10] a.A.Service.AuthenticationService        : Login successful for user: sri.archit007@gmail.com
2025-03-24T17:17:35.832+05:30  INFO 35744 --- [AddressBookProject] [main] a.A.AddressBookProjectApplication        : Starting AddressBookProjectApplication using Java 23.0.2 with PID 35744 (C:\Users\sriar\OneDrive\Desktop\AddressBookProject\target\classes started by sriar in C:\Users\sriar\OneDrive\Desktop\AddressBookProject)
2025-03-24T17:17:35.836+05:30  INFO 35744 --- [AddressBookProject] [main] a.A.AddressBookProjectApplication        : The following 1 profile is active: "prod"
2025-03-24T17:17:44.990+05:30  WARN 35744 --- [AddressBookProject] [main] org.hibernate.orm.deprecation            : HHH90000025: MySQL8Dialect does not need to be specified explicitly using 'hibernate.dialect' (remove the property setting and it will be selected by default)
2025-03-24T17:17:44.995+05:30  WARN 35744 --- [AddressBookProject] [main] org.hibernate.orm.deprecation            : HHH90000026: MySQL8Dialect has been deprecated; use org.hibernate.dialect.MySQLDialect instead
2025-03-24T17:17:51.496+05:30  WARN 35744 --- [AddressBookProject] [main] JpaBaseConfiguration$JpaWebConfiguration : spring.jpa.open-in-view is enabled by default. Therefore, database queries may be performed during view rendering. Explicitly configure spring.jpa.open-in-view to disable this warning
2025-03-24T17:17:55.114+05:30  INFO 35744 --- [AddressBookProject] [main] a.A.AddressBookProjectApplication        : Started AddressBookProjectApplication in 20.828 seconds (process running for 22.273)
2025-03-24T17:17:55.124+05:30  INFO 35744 --- [AddressBookProject] [main] a.A.AddressBookProjectApplication        : Address Book App Started in prod environment
